<?xml version="1.0" encoding="UTF-8"?>
<testng-results ignored="0" total="1" passed="1" failed="0" skipped="0">
  <reporter-output>
  </reporter-output>
  <suite started-at="2024-11-29T13:02:45 IST" name="Default suite" finished-at="2024-11-29T13:02:53 IST" duration-ms="8005">
    <groups>
    </groups>
    <test started-at="2024-11-29T13:02:45 IST" name="Default test" finished-at="2024-11-29T13:02:53 IST" duration-ms="8005">
      <class name="stepdefination.facebooklogin">
        <test-method is-config="true" signature="setup()[pri:0, instance:stepdefination.facebooklogin@16a0ee18]" started-at="2024-11-29T13:02:45 IST" name="setup" finished-at="2024-11-29T13:02:48 IST" duration-ms="3257" status="PASS">
          <reporter-output>
          </reporter-output>
        </test-method> <!-- setup -->
        <test-method signature="signup()[pri:0, instance:stepdefination.facebooklogin@16a0ee18]" started-at="2024-11-29T13:02:48 IST" name="signup" finished-at="2024-11-29T13:02:51 IST" duration-ms="2262" status="PASS">
          <reporter-output>
          </reporter-output>
        </test-method> <!-- signup -->
        <test-method is-config="true" signature="Setup()[pri:0, instance:stepdefination.facebooklogin@16a0ee18]" started-at="2024-11-29T13:02:51 IST" name="Setup" finished-at="2024-11-29T13:02:53 IST" duration-ms="2440" status="PASS">
          <reporter-output>
          </reporter-output>
        </test-method> <!-- Setup -->
      </class> <!-- stepdefination.facebooklogin -->
    </test> <!-- Default test -->
  </suite> <!-- Default suite -->
</testng-results>
